2022-10-05 11:00:37.089  INFO 11624 --- [main] com.iamscratches.TMS.TmsApplication      : Starting TmsApplication using Java 17.0.2 on DESKTOP-NH0V514 with PID 11624 (E:\small-spring-boot-projects\TMS\target\classes started by HP in E:\small-spring-boot-projects\TMS)
2022-10-05 11:00:37.106 DEBUG 11624 --- [main] com.iamscratches.TMS.TmsApplication      : Running with Spring Boot v2.6.7, Spring v5.3.19
2022-10-05 11:00:37.108  INFO 11624 --- [main] com.iamscratches.TMS.TmsApplication      : The following 1 profile is active: "default"
2022-10-05 11:00:39.992  INFO 11624 --- [main] .s.d.r.c.RepositoryConfigurationDelegate : Bootstrapping Spring Data JPA repositories in DEFAULT mode.
2022-10-05 11:00:40.221  INFO 11624 --- [main] .s.d.r.c.RepositoryConfigurationDelegate : Finished Spring Data repository scanning in 192 ms. Found 9 JPA repository interfaces.
2022-10-05 11:00:41.936  INFO 11624 --- [main] o.s.b.w.embedded.tomcat.TomcatWebServer  : Tomcat initialized with port(s): 8080 (http)
2022-10-05 11:00:41.972  INFO 11624 --- [main] o.apache.catalina.core.StandardService   : Starting service [Tomcat]
2022-10-05 11:00:41.974  INFO 11624 --- [main] org.apache.catalina.core.StandardEngine  : Starting Servlet engine: [Apache Tomcat/9.0.62]
2022-10-05 11:00:42.524  INFO 11624 --- [main] o.a.c.c.C.[Tomcat].[localhost].[/]       : Initializing Spring embedded WebApplicationContext
2022-10-05 11:00:42.524  INFO 11624 --- [main] w.s.c.ServletWebServerApplicationContext : Root WebApplicationContext: initialization completed in 5229 ms
2022-10-05 11:00:43.106  INFO 11624 --- [main] com.zaxxer.hikari.HikariDataSource       : HikariPool-1 - Starting...
2022-10-05 11:00:43.623  INFO 11624 --- [main] com.zaxxer.hikari.HikariDataSource       : HikariPool-1 - Start completed.
2022-10-05 11:00:44.052  INFO 11624 --- [main] o.hibernate.jpa.internal.util.LogHelper  : HHH000204: Processing PersistenceUnitInfo [name: default]
2022-10-05 11:00:44.238  INFO 11624 --- [main] org.hibernate.Version                    : HHH000412: Hibernate ORM core version 5.6.8.Final
2022-10-05 11:00:44.737  INFO 11624 --- [main] o.hibernate.annotations.common.Version   : HCANN000001: Hibernate Commons Annotations {5.1.2.Final}
2022-10-05 11:00:45.115  INFO 11624 --- [main] org.hibernate.dialect.Dialect            : HHH000400: Using dialect: org.hibernate.dialect.H2Dialect
2022-10-05 11:00:46.991  INFO 11624 --- [main] o.h.e.t.j.p.i.JtaPlatformInitiator       : HHH000490: Using JtaPlatform implementation: [org.hibernate.engine.transaction.jta.platform.internal.NoJtaPlatform]
2022-10-05 11:00:47.007  INFO 11624 --- [main] j.LocalContainerEntityManagerFactoryBean : Initialized JPA EntityManagerFactory for persistence unit 'default'
2022-10-05 11:00:47.541 DEBUG 11624 --- [main] c.i.TMS.service.ManufacturerService      : ManufacturerService Autowired with ManufacturerRepository
2022-10-05 11:00:47.585 DEBUG 11624 --- [main] c.i.T.R.ManufacturerController           : ManufacturerController Autowired with ManufacturerService
2022-10-05 11:00:47.885 DEBUG 11624 --- [main] c.i.TMS.service.OffenceService           : OffenceService Autowired with OffenceRepository
2022-10-05 11:00:47.902 DEBUG 11624 --- [main] c.i.T.RESTControllers.OffenceController  : OffenceController Autowired with OffenceService
2022-10-05 11:00:48.128 DEBUG 11624 --- [main] c.i.TMS.service.OffenceDetailsService    : OffenceDetailsService Autowired with OffenceDetailsRepository
2022-10-05 11:00:48.176 DEBUG 11624 --- [main] c.i.T.R.OffenceDetailsController         : OffenceDetailsController Autowired with OffenceDetailsService
2022-10-05 11:00:48.337 DEBUG 11624 --- [main] c.iamscratches.TMS.service.OwnerService  : OwnerService Autowired with OwnerRepository
2022-10-05 11:00:48.349 DEBUG 11624 --- [main] c.i.TMS.RESTControllers.OwnerController  : OwnerController Autowired with OwnerService
2022-10-05 11:00:48.430 DEBUG 11624 --- [main] c.i.TMS.service.RegistrationService      : RegistrationService Autowired with RegistrationRepository
2022-10-05 11:00:48.444 DEBUG 11624 --- [main] c.i.T.R.RegistrationController           : RegistrationController Autowired with RegistrationService
2022-10-05 11:00:48.530 DEBUG 11624 --- [main] c.iamscratches.TMS.service.RolesService  : RolesService Autowired with RolesRepository
2022-10-05 11:00:48.545 DEBUG 11624 --- [main] c.i.TMS.RESTControllers.RolesController  : RolesController Autowired with RolesService
2022-10-05 11:00:48.623 DEBUG 11624 --- [main] c.i.TMS.service.TypeOfVehicleService     : TypeOfVehicleService Autowired with TypeOfVehicleRepository
2022-10-05 11:00:48.628 DEBUG 11624 --- [main] c.i.T.R.TypeOfVehicleController          : TypeOfVehicleController Autowired with TypeOfVehicleService
2022-10-05 11:00:48.701 DEBUG 11624 --- [main] c.iamscratches.TMS.service.UserService   : UserService Autowired with UserRepository
2022-10-05 11:00:48.711 DEBUG 11624 --- [main] c.i.TMS.RESTControllers.UserController   : UserController Autowired with UserService
2022-10-05 11:00:48.753 DEBUG 11624 --- [main] c.i.TMS.service.VehicleService           : VehicleService Autowired with VehicleRepository
2022-10-05 11:00:48.761 DEBUG 11624 --- [main] c.i.T.RESTControllers.VehicleController  : VehicleController Autowired with VehicleService
2022-10-05 11:00:49.087  WARN 11624 --- [main] JpaBaseConfiguration$JpaWebConfiguration : spring.jpa.open-in-view is enabled by default. Therefore, database queries may be performed during view rendering. Explicitly configure spring.jpa.open-in-view to disable this warning
2022-10-05 11:00:49.914  INFO 11624 --- [main] o.s.b.a.w.s.WelcomePageHandlerMapping    : Adding welcome page: class path resource [static/index.html]
2022-10-05 11:00:52.863  WARN 11624 --- [main] .s.s.UserDetailsServiceAutoConfiguration : 

Using generated security password: ca25c45b-a0c0-4905-8db2-f4000d1711c4

This generated password is for development use only. Your security configuration must be updated before running your application in production.

2022-10-05 11:00:52.929  WARN 11624 --- [main] o.s.s.c.a.web.builders.WebSecurity       : You are asking Spring Security to ignore Ant [pattern='/v3/api-docs/**']. This is not recommended -- please use permitAll via HttpSecurity#authorizeHttpRequests instead.
2022-10-05 11:00:52.930  INFO 11624 --- [main] o.s.s.web.DefaultSecurityFilterChain     : Will not secure Ant [pattern='/v3/api-docs/**']
2022-10-05 11:00:52.931  WARN 11624 --- [main] o.s.s.c.a.web.builders.WebSecurity       : You are asking Spring Security to ignore Ant [pattern='/swagger-ui.html']. This is not recommended -- please use permitAll via HttpSecurity#authorizeHttpRequests instead.
2022-10-05 11:00:52.931  INFO 11624 --- [main] o.s.s.web.DefaultSecurityFilterChain     : Will not secure Ant [pattern='/swagger-ui.html']
2022-10-05 11:00:52.931  WARN 11624 --- [main] o.s.s.c.a.web.builders.WebSecurity       : You are asking Spring Security to ignore Ant [pattern='/swagger-ui/**']. This is not recommended -- please use permitAll via HttpSecurity#authorizeHttpRequests instead.
2022-10-05 11:00:52.931  INFO 11624 --- [main] o.s.s.web.DefaultSecurityFilterChain     : Will not secure Ant [pattern='/swagger-ui/**']
2022-10-05 11:00:52.992  INFO 11624 --- [main] o.s.s.web.DefaultSecurityFilterChain     : Will secure Or [Ant [pattern='/oauth/token'], Ant [pattern='/oauth/token_key'], Ant [pattern='/oauth/check_token']] with [org.springframework.security.web.context.request.async.WebAsyncManagerIntegrationFilter@20711b02, org.springframework.security.web.context.SecurityContextPersistenceFilter@1c3eeda4, org.springframework.security.web.header.HeaderWriterFilter@54af9cce, org.springframework.security.web.authentication.logout.LogoutFilter@1926806c, org.springframework.security.web.authentication.www.BasicAuthenticationFilter@3071d086, org.springframework.security.web.savedrequest.RequestCacheAwareFilter@6cb1da13, org.springframework.security.web.servletapi.SecurityContextHolderAwareRequestFilter@79bb14d8, org.springframework.security.web.authentication.AnonymousAuthenticationFilter@52d9a150, org.springframework.security.web.session.SessionManagementFilter@3eb6d7a9, org.springframework.security.web.access.ExceptionTranslationFilter@5f113867, org.springframework.security.web.access.intercept.FilterSecurityInterceptor@6527aa0]
2022-10-05 11:00:53.011  INFO 11624 --- [main] o.s.s.web.DefaultSecurityFilterChain     : Will secure org.springframework.security.oauth2.config.annotation.web.configuration.ResourceServerConfiguration$NotOAuthRequestMatcher@1c61f9bf with [org.springframework.security.web.context.request.async.WebAsyncManagerIntegrationFilter@42365c82, org.springframework.security.web.context.SecurityContextPersistenceFilter@624baf71, org.springframework.security.web.header.HeaderWriterFilter@3ce4b0a8, org.springframework.security.web.authentication.logout.LogoutFilter@6f915016, org.springframework.security.oauth2.provider.authentication.OAuth2AuthenticationProcessingFilter@205d6f84, org.springframework.security.web.savedrequest.RequestCacheAwareFilter@70799ca7, org.springframework.security.web.servletapi.SecurityContextHolderAwareRequestFilter@690113f0, org.springframework.security.web.authentication.AnonymousAuthenticationFilter@46c47690, org.springframework.security.web.session.SessionManagementFilter@738955e6, org.springframework.security.web.access.ExceptionTranslationFilter@56589f00, org.springframework.security.web.access.intercept.FilterSecurityInterceptor@59b8a801]
2022-10-05 11:00:53.021  INFO 11624 --- [main] o.s.s.web.DefaultSecurityFilterChain     : Will secure any request with [org.springframework.security.web.context.request.async.WebAsyncManagerIntegrationFilter@4b6ad2eb, org.springframework.security.web.context.SecurityContextPersistenceFilter@533a8540, org.springframework.security.web.header.HeaderWriterFilter@12e3cf1c, org.springframework.security.web.csrf.CsrfFilter@11564455, org.springframework.security.web.authentication.logout.LogoutFilter@57e2d15c, org.springframework.security.web.authentication.UsernamePasswordAuthenticationFilter@72364a40, org.springframework.security.web.authentication.ui.DefaultLoginPageGeneratingFilter@30b5f974, org.springframework.security.web.authentication.ui.DefaultLogoutPageGeneratingFilter@61868687, org.springframework.security.web.authentication.www.BasicAuthenticationFilter@6ad2cb6d, org.springframework.security.web.savedrequest.RequestCacheAwareFilter@24489d12, org.springframework.security.web.servletapi.SecurityContextHolderAwareRequestFilter@28df2da8, org.springframework.security.web.authentication.AnonymousAuthenticationFilter@2122b4bd, org.springframework.security.web.session.SessionManagementFilter@70ed03e4, org.springframework.security.web.access.ExceptionTranslationFilter@173c0722, org.springframework.security.web.access.intercept.FilterSecurityInterceptor@7c1adb8a]
2022-10-05 11:00:53.062  INFO 11624 --- [main] o.s.b.a.e.web.EndpointLinksResolver      : Exposing 1 endpoint(s) beneath base path '/actuator'
2022-10-05 11:00:53.235  INFO 11624 --- [main] o.s.b.w.embedded.tomcat.TomcatWebServer  : Tomcat started on port(s): 8080 (http) with context path ''
2022-10-05 11:00:53.272  INFO 11624 --- [main] com.iamscratches.TMS.TmsApplication      : Started TmsApplication in 17.47 seconds (JVM running for 18.968)
2022-10-05 11:03:12.757  INFO 11624 --- [http-nio-8080-exec-1] o.a.c.c.C.[Tomcat].[localhost].[/]       : Initializing Spring DispatcherServlet 'dispatcherServlet'
2022-10-05 11:03:12.757  INFO 11624 --- [http-nio-8080-exec-1] o.s.web.servlet.DispatcherServlet        : Initializing Servlet 'dispatcherServlet'
2022-10-05 11:03:12.763  INFO 11624 --- [http-nio-8080-exec-1] o.s.web.servlet.DispatcherServlet        : Completed initialization in 6 ms
2022-10-05 11:03:15.462  INFO 11624 --- [http-nio-8080-exec-9] o.springdoc.api.AbstractOpenApiResource  : Init duration for springdoc-openapi is: 1559 ms
2022-10-05 11:05:48.552 DEBUG 11624 --- [http-nio-8080-exec-6] c.i.TMS.RESTControllers.UserController   : Received search request for User username SUBHANKAR
2022-10-05 11:05:49.764 DEBUG 11624 --- [http-nio-8080-exec-8] c.i.T.RESTControllers.VehicleController  : Recieved Vehicle List request
2022-10-05 11:05:49.780 DEBUG 11624 --- [http-nio-8080-exec-8] c.i.TMS.service.VehicleService           : Recieved Vehicle List request
2022-10-05 11:05:49.847 DEBUG 11624 --- [http-nio-8080-exec-8] c.i.TMS.service.VehicleService           : Send Vehicle List
2022-10-05 11:05:49.902 DEBUG 11624 --- [http-nio-8080-exec-8] c.i.T.RESTControllers.VehicleController  : getAllVehicles: [Vehicle{vehicleId=1, modelNo='ABCD', modelName='NISSAN PRO', vehicleType=2, color='WHITE', ownerId=1, manufacturerId=1, dom=2000-02-13 00:00:00.0, noc=3, cc=3, fuelUsed=1000, travelledKm=1000, lpc=2021-07-10 00:00:00.0, expired=false, manufacturer=Manufacturer{manufacturerId=1, name='TATA', estd=1998-07-10 00:00:00.0, licenseDate=1998-07-20 00:00:00.0, expiryDate=2022-07-20 00:00:00.0, expired=false}, typeOfVehicles=TypeOfVehicles{vehicleTypeId=2, vehicleCategory='TWO-WHEELER MOTOR VEHICLE WITH GEAR'}}, Vehicle{vehicleId=2, modelNo='ABCE', modelName='NISSAN PRO', vehicleType=1, color='BLUE', ownerId=1, manufacturerId=1, dom=2000-02-13 00:00:00.0, noc=3, cc=3, fuelUsed=1000, travelledKm=1000, lpc=2021-07-11 00:00:00.0, expired=false, manufacturer=Manufacturer{manufacturerId=1, name='TATA', estd=1998-07-10 00:00:00.0, licenseDate=1998-07-20 00:00:00.0, expiryDate=2022-07-20 00:00:00.0, expired=false}, typeOfVehicles=TypeOfVehicles{vehicleTypeId=1, vehicleCategory='ALL VEHICLES'}}]
2022-10-05 11:05:49.902 DEBUG 11624 --- [http-nio-8080-exec-8] c.i.T.RESTControllers.VehicleController  : Send Vehicle List
2022-10-05 11:06:09.772 DEBUG 11624 --- [http-nio-8080-exec-7] c.i.T.RESTControllers.VehicleController  : Recieved Vehicle List request
2022-10-05 11:06:09.773 DEBUG 11624 --- [http-nio-8080-exec-7] c.i.TMS.service.VehicleService           : Recieved Vehicle List request
2022-10-05 11:06:09.781 DEBUG 11624 --- [http-nio-8080-exec-7] c.i.TMS.service.VehicleService           : Send Vehicle List
2022-10-05 11:06:09.783 DEBUG 11624 --- [http-nio-8080-exec-7] c.i.T.RESTControllers.VehicleController  : getAllVehicles: [Vehicle{vehicleId=1, modelNo='ABCD', modelName='NISSAN PRO', vehicleType=2, color='WHITE', ownerId=1, manufacturerId=1, dom=2000-02-13 00:00:00.0, noc=3, cc=3, fuelUsed=1000, travelledKm=1000, lpc=2021-07-10 00:00:00.0, expired=false, manufacturer=Manufacturer{manufacturerId=1, name='TATA', estd=1998-07-10 00:00:00.0, licenseDate=1998-07-20 00:00:00.0, expiryDate=2022-07-20 00:00:00.0, expired=false}, typeOfVehicles=TypeOfVehicles{vehicleTypeId=2, vehicleCategory='TWO-WHEELER MOTOR VEHICLE WITH GEAR'}}, Vehicle{vehicleId=2, modelNo='ABCE', modelName='NISSAN PRO', vehicleType=1, color='BLUE', ownerId=1, manufacturerId=1, dom=2000-02-13 00:00:00.0, noc=3, cc=3, fuelUsed=1000, travelledKm=1000, lpc=2021-07-11 00:00:00.0, expired=false, manufacturer=Manufacturer{manufacturerId=1, name='TATA', estd=1998-07-10 00:00:00.0, licenseDate=1998-07-20 00:00:00.0, expiryDate=2022-07-20 00:00:00.0, expired=false}, typeOfVehicles=TypeOfVehicles{vehicleTypeId=1, vehicleCategory='ALL VEHICLES'}}]
2022-10-05 11:06:09.783 DEBUG 11624 --- [http-nio-8080-exec-7] c.i.T.RESTControllers.VehicleController  : Send Vehicle List
2022-10-05 11:06:12.830 DEBUG 11624 --- [http-nio-8080-exec-9] c.i.T.RESTControllers.VehicleController  : Received search request for vehicle ID 1
2022-10-05 11:07:01.626 DEBUG 11624 --- [http-nio-8080-exec-10] c.i.T.RESTControllers.VehicleController  : Vehicle{vehicleId=null, modelNo='GHIJJ', modelName='NISSAN PRO 2', vehicleType=2, color='WHITE', ownerId=1, manufacturerId=1, dom=Sat Feb 12 05:30:00 IST 2000, noc=3, cc=3, fuelUsed=1000, travelledKm=1000, lpc=null, expired=false, manufacturer=null, typeOfVehicles=null}
2022-10-05 11:07:01.630 DEBUG 11624 --- [http-nio-8080-exec-10] c.i.TMS.service.VehicleService           : Saving vehicles data
2022-10-05 11:07:13.400 DEBUG 11624 --- [http-nio-8080-exec-1] c.i.T.RESTControllers.VehicleController  : Recieved Vehicle List request
2022-10-05 11:07:13.403 DEBUG 11624 --- [http-nio-8080-exec-1] c.i.TMS.service.VehicleService           : Recieved Vehicle List request
2022-10-05 11:07:13.408 DEBUG 11624 --- [http-nio-8080-exec-1] c.i.TMS.service.VehicleService           : Send Vehicle List
2022-10-05 11:07:13.408 DEBUG 11624 --- [http-nio-8080-exec-1] c.i.T.RESTControllers.VehicleController  : getAllVehicles: [Vehicle{vehicleId=1, modelNo='ABCD', modelName='NISSAN PRO', vehicleType=2, color='WHITE', ownerId=1, manufacturerId=1, dom=2000-02-13 00:00:00.0, noc=3, cc=3, fuelUsed=1000, travelledKm=1000, lpc=2021-07-10 00:00:00.0, expired=false, manufacturer=Manufacturer{manufacturerId=1, name='TATA', estd=1998-07-10 00:00:00.0, licenseDate=1998-07-20 00:00:00.0, expiryDate=2022-07-20 00:00:00.0, expired=false}, typeOfVehicles=TypeOfVehicles{vehicleTypeId=2, vehicleCategory='TWO-WHEELER MOTOR VEHICLE WITH GEAR'}}, Vehicle{vehicleId=2, modelNo='ABCE', modelName='NISSAN PRO', vehicleType=1, color='BLUE', ownerId=1, manufacturerId=1, dom=2000-02-13 00:00:00.0, noc=3, cc=3, fuelUsed=1000, travelledKm=1000, lpc=2021-07-11 00:00:00.0, expired=false, manufacturer=Manufacturer{manufacturerId=1, name='TATA', estd=1998-07-10 00:00:00.0, licenseDate=1998-07-20 00:00:00.0, expiryDate=2022-07-20 00:00:00.0, expired=false}, typeOfVehicles=TypeOfVehicles{vehicleTypeId=1, vehicleCategory='ALL VEHICLES'}}, Vehicle{vehicleId=581574769, modelNo='GHIJJ', modelName='NISSAN PRO 2', vehicleType=2, color='WHITE', ownerId=1, manufacturerId=1, dom=2000-02-12 00:00:00.0, noc=3, cc=3, fuelUsed=1000, travelledKm=1000, lpc=2022-10-05 00:00:00.0, expired=false, manufacturer=Manufacturer{manufacturerId=1, name='TATA', estd=1998-07-10 00:00:00.0, licenseDate=1998-07-20 00:00:00.0, expiryDate=2022-07-20 00:00:00.0, expired=false}, typeOfVehicles=TypeOfVehicles{vehicleTypeId=2, vehicleCategory='TWO-WHEELER MOTOR VEHICLE WITH GEAR'}}]
2022-10-05 11:07:13.408 DEBUG 11624 --- [http-nio-8080-exec-1] c.i.T.RESTControllers.VehicleController  : Send Vehicle List
2022-10-05 11:07:49.582 DEBUG 11624 --- [http-nio-8080-exec-2] c.i.TMS.RESTControllers.UserController   : Received search request for User username TIMTEC
2022-10-05 11:11:38.414  INFO 11624 --- [SpringApplicationShutdownHook] j.LocalContainerEntityManagerFactoryBean : Closing JPA EntityManagerFactory for persistence unit 'default'
2022-10-05 11:11:38.424  INFO 11624 --- [SpringApplicationShutdownHook] com.zaxxer.hikari.HikariDataSource       : HikariPool-1 - Shutdown initiated...
2022-10-05 11:11:38.435  INFO 11624 --- [SpringApplicationShutdownHook] com.zaxxer.hikari.HikariDataSource       : HikariPool-1 - Shutdown completed.
